<?xml version="1.0" encoding="UTF-8"?>
<!-- Generated by org.testng.reporters.JUnitXMLReporter -->
<testsuite hostname="DESKTOP-5D8C0UA" ignored="0" name="Default test" tests="4" failures="0" timestamp="18 Mar 2019 21:02:17 GMT" time="7.947" errors="0">
  <testcase name="requestUsZipCode90210_checkContentType_expectJSON" time="5.571" classname="com.zenith.tests.TestRestAssuredSamples"/>
  <testcase name="requestUsZipCode90210_checkPlaceNameInResponseBody_expectBeverlyHills" time="1.411" classname="com.zenith.tests.TestRestAssuredSamples"/>
  <testcase name="requestUsZipCode90210_checkStatusCode_expectHTTP200" time="0.458" classname="com.zenith.tests.TestRestAssuredSamples"/>
  <testcase name="requestUsZipCode90210_logRequestAndResponseDetails" time="0.421" classname="com.zenith.tests.TestRestAssuredSamples"/>
</testsuite> <!-- Default test -->
