<?xml version="1.0" encoding="UTF-8"?>
<testng-results skipped="0" failed="0" ignored="0" total="4" passed="4">
  <reporter-output>
  </reporter-output>
  <suite name="Default suite" duration-ms="7947" started-at="2019-03-18T21:02:09Z" finished-at="2019-03-18T21:02:17Z">
    <groups>
    </groups>
    <test name="Default test" duration-ms="7947" started-at="2019-03-18T21:02:09Z" finished-at="2019-03-18T21:02:17Z">
      <class name="com.zenith.tests.TestRestAssuredSamples">
        <test-method status="PASS" signature="requestUsZipCode90210_checkContentType_expectJSON()[pri:0, instance:com.zenith.tests.TestRestAssuredSamples@61230f6a]" name="requestUsZipCode90210_checkContentType_expectJSON" duration-ms="5571" started-at="2019-03-18T21:02:09Z" finished-at="2019-03-18T21:02:14Z">
          <reporter-output>
          </reporter-output>
        </test-method> <!-- requestUsZipCode90210_checkContentType_expectJSON -->
        <test-method status="PASS" signature="requestUsZipCode90210_checkPlaceNameInResponseBody_expectBeverlyHills()[pri:0, instance:com.zenith.tests.TestRestAssuredSamples@61230f6a]" name="requestUsZipCode90210_checkPlaceNameInResponseBody_expectBeverlyHills" duration-ms="1411" started-at="2019-03-18T21:02:14Z" finished-at="2019-03-18T21:02:16Z">
          <reporter-output>
          </reporter-output>
        </test-method> <!-- requestUsZipCode90210_checkPlaceNameInResponseBody_expectBeverlyHills -->
        <test-method status="PASS" signature="requestUsZipCode90210_checkStatusCode_expectHTTP200()[pri:0, instance:com.zenith.tests.TestRestAssuredSamples@61230f6a]" name="requestUsZipCode90210_checkStatusCode_expectHTTP200" duration-ms="458" started-at="2019-03-18T21:02:16Z" finished-at="2019-03-18T21:02:16Z">
          <reporter-output>
          </reporter-output>
        </test-method> <!-- requestUsZipCode90210_checkStatusCode_expectHTTP200 -->
        <test-method status="PASS" signature="requestUsZipCode90210_logRequestAndResponseDetails()[pri:0, instance:com.zenith.tests.TestRestAssuredSamples@61230f6a]" name="requestUsZipCode90210_logRequestAndResponseDetails" duration-ms="421" started-at="2019-03-18T21:02:16Z" finished-at="2019-03-18T21:02:17Z">
          <reporter-output>
          </reporter-output>
        </test-method> <!-- requestUsZipCode90210_logRequestAndResponseDetails -->
      </class> <!-- com.zenith.tests.TestRestAssuredSamples -->
    </test> <!-- Default test -->
  </suite> <!-- Default suite -->
</testng-results>
