<?xml version="1.0" encoding="UTF-8"?>
<testng-results skipped="0" failed="0" ignored="0" total="2" passed="2">
  <reporter-output>
  </reporter-output>
  <suite name="Default suite" duration-ms="6996" started-at="2019-03-18T19:46:15Z" finished-at="2019-03-18T19:46:22Z">
    <groups>
    </groups>
    <test name="Default test" duration-ms="6996" started-at="2019-03-18T19:46:15Z" finished-at="2019-03-18T19:46:22Z">
      <class name="com.zenith.tests.TestRestAssuredSamples">
        <test-method status="PASS" signature="requestUsZipCode90210_CheckPlaceNameInResponseBody_expectBeverlyHills()[pri:0, instance:com.zenith.tests.TestRestAssuredSamples@61230f6a]" name="requestUsZipCode90210_CheckPlaceNameInResponseBody_expectBeverlyHills" duration-ms="6094" started-at="2019-03-18T19:46:15Z" finished-at="2019-03-18T19:46:21Z">
          <reporter-output>
          </reporter-output>
        </test-method> <!-- requestUsZipCode90210_CheckPlaceNameInResponseBody_expectBeverlyHills -->
        <test-method status="PASS" signature="test_NumberOfCircuitsFor2017Season_ShouldBe20()[pri:0, instance:com.zenith.tests.TestRestAssuredSamples@61230f6a]" name="test_NumberOfCircuitsFor2017Season_ShouldBe20" duration-ms="822" started-at="2019-03-18T19:46:21Z" finished-at="2019-03-18T19:46:22Z">
          <reporter-output>
          </reporter-output>
        </test-method> <!-- test_NumberOfCircuitsFor2017Season_ShouldBe20 -->
      </class> <!-- com.zenith.tests.TestRestAssuredSamples -->
    </test> <!-- Default test -->
  </suite> <!-- Default suite -->
</testng-results>
